2019-08-20 18:30:16,612 - log : - ERROR - Error handling web page:https://mojim.com/cny100233x18x1.htm
	﻿﻿﻿


PRELUDE：L'Aube(纯音乐) 歌词 容祖儿 ※ Mojim.com






















var U2x1="?h=100233x18x1";var U2x2="video";var U2x9="容祖儿+PRELUDE：L'Aube";var U2x9num="0";var U2xform="0";var U2xembed="";var U2x5a="";var U2x5b="";var U2xEE="5bdf95c11f49";
var LGx0="cn";var LGx1="g";var LGx2="y";var swfok = "";var swfmm = "";var swfco = "US";var swfhh = "2";var U2_v3z="";
var AdxUU = ",f00ytop01,f00yBelow01,f00y01,f00y02,f00y99g,";var AdxPP = "0";var QRzA="容祖儿<br />PRELUDE：L'Aube";var RAzA = "14";var MMsMsM = "";var runMM = "ecf7c5";




var songname="PRELUDE：L'Aube(纯音乐)";var commentTG="g";var comNum="0";var lyA="1";




span.Ac1{color:#885A28;}
a.tab1,a.tab2{width:80px;float:left;font-size:14pt; margin:0;line-height:25px;text-indent:3px;text-align:center; padding:5px 10px 5px 10px;}
a.tab1{border-color:#E0C5A3; border-style:solid;border-width:1px;background-color: #F0EAE1;}
a.tab2{border-color:#E0C5A3; border-style:solid;border-width:1px;border-bottom:none;font-weight: bold;}







var aT0 = "y";var aT1 = "容祖儿";var aT2 = "0";var aT3 = "0";var aT4 = "0";var MMsMsM = "";var aZxZ = "b";var aJPx = "0";


document.write(AT);



魔镜歌词网
 >

女生歌手 > 
容祖儿 > 
Love Joey Love喜欢祖儿3 > 
PRELUDE：L'Aube(纯音乐)





容祖儿




document.write(f00y01);document.write(f00y02);



专辑介绍
歌词
专辑列表
新闻
歌手介绍
相关视频 


document.write(f00ytop01);

document.write(YYsT111);

容祖儿



PRELUDE：L'Aube(纯音乐)




document.write(f00yBelow01);
document.write(comAdd);
document.write(t0x);

document.write(twBs6);


 回上一页 
Mojim.com魔镜歌词网






容祖儿Love Joey Love喜欢祖儿3专辑歌曲1.PRELUDE：L'Aube(纯音乐) (修改)2.明日恩典3.呼天不应4.刻不容缓(& 李克勤)5.日安忧郁6.Amazing Grace Reprise(儿童合唱团版)7.Chihuahua8.16号爱人9.蜃楼10.心病11.梦路12.最后胜利13.一拍两散14.借过15.世上只有16.Show Up17.想得太远18.我也不想这样19.习惯失恋20.神魂颠倒21.心淡22.我的骄傲23.最后一课24.啜泣25.四面台26.小天使27.隆重登场28.痛爱29.逃避你30.这分钟更爱你



容祖儿
热门歌曲
> 悲观生物学> 心淡> 连续剧> 续集> 阿门> 习惯失恋> 小小> 天之骄女> 空港> 天窗> 最后的茱丽叶> 黄色大门> 心之科学> 痛爱> 16号爱人> 这分钟更爱你> 墙纸> 破相> 明月> 我的骄傲> 花千树> 世上只有> 勇气情歌> 隆重登场> 烟霞



document.write(U2tableA1);
容祖儿所有专辑> 剧集 包青天再起风云> 悲观生物学> Feel The Heat> 勇气情歌> Pretty Crazy> 电视剧 独孤皇后> 一种永远> 答案之书> Make a beat> 心之科学> 镜子说 - <29 + 1>主题曲> 这种天真> 全副舞装> 重生> JOEY · MY SECRET· LIVE> 他狠过你 - Live version> 记忆的味蕾> 容祖儿国语精选(一百个我)> J-POP> 我好得闲> Gotta Get High> 黄昏点唱机> 电视剧 武则天> Me, re-do> 电影 一生一世> 电影 窃听风云3> 布谷鸟大反击> All Delicious Collection> Hopelessly Romantic Collection> 小日子> 天窗> 途经北海道> 加大力度(One Man Band Mix)> Moment> On Call 36小时> Joey & Joey 新城容祖儿音乐会> Joey & Joey> 花千树> 皇粮胡同19号> 13 点> Joey Yung Concert Number 6> 澎湃> 空港> 信今生爱过> Joey Ten(EP)> 很忙> 容祖儿 Moov Live 2009> A Time For Us> 祖恋明歌音乐会> 可歌可泣> In Motion> Love Joey Love喜欢祖儿4新曲+精选(2CD + 2 Live CD)> Glow> 小小> Close Up> 电视剧 学警出更> Jump Up 9492> Ten Most Wanted(第二版)> Ten Most Wanted> 容祖儿演唱会2005 (2CD)> Bi-Heart> Love Joey Love喜欢祖儿3> X'Mas Chi Hua Hua> Give Love A Break> Nin92 5Ive> 独照> SHOW UP!演唱会Disc 2> SHOW UP!演唱会Disc 1> Show Up> 我的骄傲> 喜欢祖儿2(新曲加精选)> 一个人的情歌> 903拉阔音乐会> Something About You> 隆重登场演唱会> 说真的> 隆重登场> 全身暑假> 喜欢祖儿> 谁来爱我> 不容错失> 未知> 未出碟> 我的骄傲(第二版)> 暂存




document.write(U2tableA2);


 【 男生 | 女生 | 团体 | 日韩 | 欧美 | 其他 】 【 最新专辑 | 热门专辑 | 热门歌手  】 【 搜寻 |  首页 | 网站总览 】
document.write(fc);


document.write(f1);

document.write(f9);
document.write(U2end);
document.write(f8);









Traceback (most recent call last):
  File "C:\Users\Yang\Desktop\scraper\Python\SongParser.py", line 34, in __init__
    self.songName = HanziConv.toSimplified(filtered.pop(0))
IndexError: pop from empty list
2019-08-20 18:31:21,216 - log : - ERROR - Error handling web page:https://mojim.com/cny104897x5x10.htm -- request timeout
Traceback (most recent call last):
  File "C:\Users\Yang\AppData\Roaming\Python\Python37\site-packages\urllib3\connectionpool.py", line 387, in _make_request
    six.raise_from(e, None)
  File "<string>", line 2, in raise_from
  File "C:\Users\Yang\AppData\Roaming\Python\Python37\site-packages\urllib3\connectionpool.py", line 383, in _make_request
    httplib_response = conn.getresponse()
  File "C:\Users\Yang\AppData\Local\Programs\Python\Python37\lib\http\client.py", line 1336, in getresponse
    response.begin()
  File "C:\Users\Yang\AppData\Local\Programs\Python\Python37\lib\http\client.py", line 306, in begin
    version, status, reason = self._read_status()
  File "C:\Users\Yang\AppData\Local\Programs\Python\Python37\lib\http\client.py", line 267, in _read_status
    line = str(self.fp.readline(_MAXLINE + 1), "iso-8859-1")
  File "C:\Users\Yang\AppData\Local\Programs\Python\Python37\lib\socket.py", line 589, in readinto
    return self._sock.recv_into(b)
  File "C:\Users\Yang\AppData\Local\Programs\Python\Python37\lib\ssl.py", line 1071, in recv_into
    return self.read(nbytes, buffer)
  File "C:\Users\Yang\AppData\Local\Programs\Python\Python37\lib\ssl.py", line 929, in read
    return self._sslobj.read(len, buffer)
socket.timeout: The read operation timed out

During handling of the above exception, another exception occurred:

Traceback (most recent call last):
  File "C:\Users\Yang\AppData\Local\Programs\Python\Python37\lib\site-packages\requests\adapters.py", line 449, in send
    timeout=timeout
  File "C:\Users\Yang\AppData\Roaming\Python\Python37\site-packages\urllib3\connectionpool.py", line 641, in urlopen
    _stacktrace=sys.exc_info()[2])
  File "C:\Users\Yang\AppData\Roaming\Python\Python37\site-packages\urllib3\util\retry.py", line 368, in increment
    raise six.reraise(type(error), error, _stacktrace)
  File "C:\Users\Yang\AppData\Roaming\Python\Python37\site-packages\urllib3\packages\six.py", line 686, in reraise
    raise value
  File "C:\Users\Yang\AppData\Roaming\Python\Python37\site-packages\urllib3\connectionpool.py", line 603, in urlopen
    chunked=chunked)
  File "C:\Users\Yang\AppData\Roaming\Python\Python37\site-packages\urllib3\connectionpool.py", line 389, in _make_request
    self._raise_timeout(err=e, url=url, timeout_value=read_timeout)
  File "C:\Users\Yang\AppData\Roaming\Python\Python37\site-packages\urllib3\connectionpool.py", line 307, in _raise_timeout
    raise ReadTimeoutError(self, url, "Read timed out. (read timeout=%s)" % timeout_value)
urllib3.exceptions.ReadTimeoutError: HTTPSConnectionPool(host='mojim.com', port=443): Read timed out. (read timeout=3)

During handling of the above exception, another exception occurred:

Traceback (most recent call last):
  File "C:\Users\Yang\Desktop\scraper\Python\SongParser.py", line 12, in __init__
    res = requests.get(url, timeout=3)
  File "C:\Users\Yang\AppData\Local\Programs\Python\Python37\lib\site-packages\requests\api.py", line 75, in get
    return request('get', url, params=params, **kwargs)
  File "C:\Users\Yang\AppData\Local\Programs\Python\Python37\lib\site-packages\requests\api.py", line 60, in request
    return session.request(method=method, url=url, **kwargs)
  File "C:\Users\Yang\AppData\Local\Programs\Python\Python37\lib\site-packages\requests\sessions.py", line 533, in request
    resp = self.send(prep, **send_kwargs)
  File "C:\Users\Yang\AppData\Local\Programs\Python\Python37\lib\site-packages\requests\sessions.py", line 646, in send
    r = adapter.send(request, **kwargs)
  File "C:\Users\Yang\AppData\Local\Programs\Python\Python37\lib\site-packages\requests\adapters.py", line 529, in send
    raise ReadTimeout(e, request=request)
requests.exceptions.ReadTimeout: HTTPSConnectionPool(host='mojim.com', port=443): Read timed out. (read timeout=3)
2019-08-20 18:31:21,325 - log : - ERROR - Error handling web page:https://mojim.com/cny104897x5x10.htm
	﻿﻿﻿



Traceback (most recent call last):
  File "C:\Users\Yang\Desktop\scraper\Python\SongParser.py", line 23, in __init__
    texts = text.prettify().split("\n")
AttributeError: 'NoneType' object has no attribute 'prettify'
